<?xml version="1.0" encoding="UTF-8"?>
<testng-results ignored="0" total="2" passed="2" failed="0" skipped="0">
  <reporter-output>
  </reporter-output>
  <suite started-at="2023-12-15T12:19:35 IST" name="Default suite" finished-at="2023-12-15T12:21:14 IST" duration-ms="98859">
    <groups>
    </groups>
    <test started-at="2023-12-15T12:19:35 IST" name="Default test" finished-at="2023-12-15T12:21:14 IST" duration-ms="98859">
      <class name="com.simplilearn.testng.amazon.AmazonSearchTest">
        <test-method is-config="true" signature="beforeClass()[pri:0, instance:com.simplilearn.testng.amazon.AmazonSearchTest@1e0b4072]" started-at="2023-12-15T12:19:35 IST" name="beforeClass" finished-at="2023-12-15T12:21:07 IST" duration-ms="91754" status="PASS">
          <reporter-output>
          </reporter-output>
        </test-method> <!-- beforeClass -->
        <test-method signature="testSearch1()[pri:0, instance:com.simplilearn.testng.amazon.AmazonSearchTest@1e0b4072]" started-at="2023-12-15T12:21:07 IST" name="testSearch1" description="Search Iphone 15 pro max" finished-at="2023-12-15T12:21:10 IST" duration-ms="2732" status="PASS">
          <reporter-output>
          </reporter-output>
        </test-method> <!-- testSearch1 -->
        <test-method signature="testSearch2()[pri:0, instance:com.simplilearn.testng.amazon.AmazonSearchTest@1e0b4072]" started-at="2023-12-15T12:21:10 IST" name="testSearch2" description="Search Apple Mac book" finished-at="2023-12-15T12:21:12 IST" duration-ms="2285" status="PASS">
          <reporter-output>
          </reporter-output>
        </test-method> <!-- testSearch2 -->
        <test-method is-config="true" signature="afterClass()[pri:0, instance:com.simplilearn.testng.amazon.AmazonSearchTest@1e0b4072]" started-at="2023-12-15T12:21:12 IST" name="afterClass" finished-at="2023-12-15T12:21:14 IST" duration-ms="2030" status="PASS">
          <reporter-output>
          </reporter-output>
        </test-method> <!-- afterClass -->
      </class> <!-- com.simplilearn.testng.amazon.AmazonSearchTest -->
    </test> <!-- Default test -->
  </suite> <!-- Default suite -->
</testng-results>
